<?xml version="1.0" encoding="UTF-8"?>
<testng-results skipped="0" failed="0" ignored="0" total="2" passed="2">
  <reporter-output>
  </reporter-output>
  <suite name="Default suite" duration-ms="708" started-at="2018-06-24T03:24:12Z" finished-at="2018-06-24T03:24:13Z">
    <groups>
    </groups>
    <test name="Default test" duration-ms="708" started-at="2018-06-24T03:24:12Z" finished-at="2018-06-24T03:24:13Z">
      <class name="controlenotas.AlunoTest">
        <test-method status="PASS" signature="criarTabela()[pri:0, instance:controlenotas.AlunoTest@58651fd0]" name="criarTabela" duration-ms="611" started-at="2018-06-24T03:24:12Z" finished-at="2018-06-24T03:24:13Z">
          <reporter-output>
          </reporter-output>
        </test-method> <!-- criarTabela -->
        <test-method status="PASS" signature="inserir()[pri:0, instance:controlenotas.AlunoTest@58651fd0]" name="inserir" duration-ms="44" started-at="2018-06-24T03:24:13Z" finished-at="2018-06-24T03:24:13Z">
          <reporter-output>
          </reporter-output>
        </test-method> <!-- inserir -->
      </class> <!-- controlenotas.AlunoTest -->
    </test> <!-- Default test -->
  </suite> <!-- Default suite -->
</testng-results>
